This is pdfTeX, Version 3.141592653-2.6-1.40.23 (TeX Live 2021/W32TeX) (preloaded format=pdflatex 2022.1.14)  14 JAN 2022 16:13
entering extended mode
 restricted \write18 enabled.
 %&-line parsing enabled.
**thesis.tex
(./thesis.tex
LaTeX2e <2021-11-15> patch level 1
L3 programming layer <2022-01-12> (./umnthesis.cls
Document Class: umnthesis 2021/12/20 v1.0 University of Minnesota Doctoral Thesis
(c:/Users/aimundo/AppData/Roaming/TinyTeX/texmf-dist/tex/latex/base/book.cls
Document Class: book 2021/10/04 v1.4n Standard LaTeX document class
(c:/Users/aimundo/AppData/Roaming/TinyTeX/texmf-dist/tex/latex/base/bk11.clo
File: bk11.clo 2021/10/04 v1.4n Standard LaTeX file (size option)
)
\c@part=\count185
\c@chapter=\count186
\c@section=\count187
\c@subsection=\count188
\c@subsubsection=\count189
\c@paragraph=\count190
\c@subparagraph=\count191
\c@figure=\count192
\c@table=\count193
\abovecaptionskip=\skip47
\belowcaptionskip=\skip48
\bibindent=\dimen138
) (c:/Users/aimundo/AppData/Roaming/TinyTeX/texmf-dist/tex/latex/amsmath/amsmath.sty
Package: amsmath 2021/10/15 v2.17l AMS math features
\@mathmargin=\skip49
For additional information on amsmath, use the `?' option.
(c:/Users/aimundo/AppData/Roaming/TinyTeX/texmf-dist/tex/latex/amsmath/amstext.sty
Package: amstext 2021/08/26 v2.01 AMS text
(c:/Users/aimundo/AppData/Roaming/TinyTeX/texmf-dist/tex/latex/amsmath/amsgen.sty
File: amsgen.sty 1999/11/30 v2.0 generic functions
\@emptytoks=\toks16
\ex@=\dimen139
)) (c:/Users/aimundo/AppData/Roaming/TinyTeX/texmf-dist/tex/latex/amsmath/amsbsy.sty
Package: amsbsy 1999/11/29 v1.2d Bold Symbols
\pmbraise@=\dimen140
) (c:/Users/aimundo/AppData/Roaming/TinyTeX/texmf-dist/tex/latex/amsmath/amsopn.sty
Package: amsopn 2021/08/26 v2.02 operator names
)
\inf@bad=\count194
LaTeX Info: Redefining \frac on input line 234.
\uproot@=\count195
\leftroot@=\count196
LaTeX Info: Redefining \overline on input line 399.
\classnum@=\count197
\DOTSCASE@=\count198
LaTeX Info: Redefining \ldots on input line 496.
LaTeX Info: Redefining \dots on input line 499.
LaTeX Info: Redefining \cdots on input line 620.
\Mathstrutbox@=\box50
\strutbox@=\box51
\big@size=\dimen141
LaTeX Font Info:    Redeclaring font encoding OML on input line 743.
LaTeX Font Info:    Redeclaring font encoding OMS on input line 744.
\macc@depth=\count199
\c@MaxMatrixCols=\count266
\dotsspace@=\muskip16
\c@parentequation=\count267
\dspbrk@lvl=\count268
\tag@help=\toks17
\row@=\count269
\column@=\count270
\maxfields@=\count271
\andhelp@=\toks18
\eqnshift@=\dimen142
\alignsep@=\dimen143
\tagshift@=\dimen144
\tagwidth@=\dimen145
\totwidth@=\dimen146
\lineht@=\dimen147
\@envbody=\toks19
\multlinegap=\skip50
\multlinetaggap=\skip51
\mathdisplay@stack=\toks20
LaTeX Info: Redefining \[ on input line 2938.
LaTeX Info: Redefining \] on input line 2939.
) (c:/Users/aimundo/AppData/Roaming/TinyTeX/texmf-dist/tex/latex/amsfonts/amssymb.sty
Package: amssymb 2013/01/14 v3.01 AMS font symbols
(c:/Users/aimundo/AppData/Roaming/TinyTeX/texmf-dist/tex/latex/amsfonts/amsfonts.sty
Package: amsfonts 2013/01/14 v3.01 Basic AMSFonts support
\symAMSa=\mathgroup4
\symAMSb=\mathgroup5
LaTeX Font Info:    Redeclaring math symbol \hbar on input line 98.
LaTeX Font Info:    Overwriting math alphabet `\mathfrak' in version `bold'
(Font)                  U/euf/m/n --> U/euf/b/n on input line 106.
)) (c:/Users/aimundo/AppData/Roaming/TinyTeX/texmf-dist/tex/latex/geometry/geometry.sty
Package: geometry 2020/01/02 v5.9 Page Geometry
(c:/Users/aimundo/AppData/Roaming/TinyTeX/texmf-dist/tex/latex/graphics/keyval.sty
Package: keyval 2014/10/28 v1.15 key=value parser (DPC)
\KV@toks@=\toks21
) (c:/Users/aimundo/AppData/Roaming/TinyTeX/texmf-dist/tex/generic/iftex/ifvtex.sty
Package: ifvtex 2019/10/25 v1.7 ifvtex legacy package. Use iftex instead.
(c:/Users/aimundo/AppData/Roaming/TinyTeX/texmf-dist/tex/generic/iftex/iftex.sty
Package: iftex 2020/03/06 v1.0d TeX engine tests
))
\Gm@cnth=\count272
\Gm@cntv=\count273
\c@Gm@tempcnt=\count274
\Gm@bindingoffset=\dimen148
\Gm@wd@mp=\dimen149
\Gm@odd@mp=\dimen150
\Gm@even@mp=\dimen151
\Gm@layoutwidth=\dimen152
\Gm@layoutheight=\dimen153
\Gm@layouthoffset=\dimen154
\Gm@layoutvoffset=\dimen155
\Gm@dimlist=\toks22
) (c:/Users/aimundo/AppData/Roaming/TinyTeX/texmf-dist/tex/latex/setspace/setspace.sty
Package: setspace 2011/12/19 v6.7a set line spacing
) (c:/Users/aimundo/AppData/Roaming/TinyTeX/texmf-dist/tex/latex/fancyhdr/fancyhdr.sty
Package: fancyhdr 2021/01/28 v4.0.1 Extensive control of page headers and footers
\f@nch@headwidth=\skip52
\f@nch@O@elh=\skip53
\f@nch@O@erh=\skip54
\f@nch@O@olh=\skip55
\f@nch@O@orh=\skip56
\f@nch@O@elf=\skip57
\f@nch@O@erf=\skip58
\f@nch@O@olf=\skip59
\f@nch@O@orf=\skip60
) (c:/Users/aimundo/AppData/Roaming/TinyTeX/texmf-dist/tex/latex/tools/varioref.sty
Package: varioref 2021/07/07 v1.6f package for extended references (FMi)
\c@vrcnt=\count275
) (c:/Users/aimundo/AppData/Roaming/TinyTeX/texmf-dist/tex/latex/placeins/placeins.sty
Package: placeins 2005/04/18  v 2.2
) (c:/Users/aimundo/AppData/Roaming/TinyTeX/texmf-dist/tex/latex/subfig/subfig.sty
Package: subfig 2005/06/28 ver: 1.3 subfig package
(c:/Users/aimundo/AppData/Roaming/TinyTeX/texmf-dist/tex/latex/caption/caption.sty
Package: caption 2020/10/26 v3.5g Customizing captions (AR)
(c:/Users/aimundo/AppData/Roaming/TinyTeX/texmf-dist/tex/latex/caption/caption3.sty
Package: caption3 2020/10/21 v2.2e caption3 kernel (AR)
\captionmargin=\dimen156
\captionmargin@=\dimen157
\captionwidth=\dimen158
\caption@tempdima=\dimen159
\caption@indent=\dimen160
\caption@parindent=\dimen161
\caption@hangindent=\dimen162
Package caption Info: Standard document class detected.
)
\c@caption@flags=\count276
\c@continuedfloat=\count277
)
\c@KVtest=\count278
\sf@farskip=\skip61
\sf@captopadj=\dimen163
\sf@capskip=\skip62
\sf@nearskip=\skip63
\c@subfigure=\count279
\c@subfigure@save=\count280
\c@lofdepth=\count281
\c@subtable=\count282
\c@subtable@save=\count283
\c@lotdepth=\count284
\sf@top=\skip64
\sf@bottom=\skip65
) (c:/Users/aimundo/AppData/Roaming/TinyTeX/texmf-dist/tex/latex/hyperref/hyperref.sty
Package: hyperref 2021-06-07 v7.00m Hypertext links for LaTeX
(c:/Users/aimundo/AppData/Roaming/TinyTeX/texmf-dist/tex/generic/ltxcmds/ltxcmds.sty
Package: ltxcmds 2020-05-10 v1.25 LaTeX kernel commands for general use (HO)
) (c:/Users/aimundo/AppData/Roaming/TinyTeX/texmf-dist/tex/generic/pdftexcmds/pdftexcmds.sty
Package: pdftexcmds 2020-06-27 v0.33 Utility functions of pdfTeX for LuaTeX (HO)
(c:/Users/aimundo/AppData/Roaming/TinyTeX/texmf-dist/tex/generic/infwarerr/infwarerr.sty
Package: infwarerr 2019/12/03 v1.5 Providing info/warning/error messages (HO)
)
Package pdftexcmds Info: \pdf@primitive is available.
Package pdftexcmds Info: \pdf@ifprimitive is available.
Package pdftexcmds Info: \pdfdraftmode found.
) (c:/Users/aimundo/AppData/Roaming/TinyTeX/texmf-dist/tex/generic/kvsetkeys/kvsetkeys.sty
Package: kvsetkeys 2019/12/15 v1.18 Key value parser (HO)
) (c:/Users/aimundo/AppData/Roaming/TinyTeX/texmf-dist/tex/generic/kvdefinekeys/kvdefinekeys.sty
Package: kvdefinekeys 2019-12-19 v1.6 Define keys (HO)
) (c:/Users/aimundo/AppData/Roaming/TinyTeX/texmf-dist/tex/generic/pdfescape/pdfescape.sty
Package: pdfescape 2019/12/09 v1.15 Implements pdfTeX's escape features (HO)
) (c:/Users/aimundo/AppData/Roaming/TinyTeX/texmf-dist/tex/latex/hycolor/hycolor.sty
Package: hycolor 2020-01-27 v1.10 Color options for hyperref/bookmark (HO)
) (c:/Users/aimundo/AppData/Roaming/TinyTeX/texmf-dist/tex/latex/letltxmacro/letltxmacro.sty
Package: letltxmacro 2019/12/03 v1.6 Let assignment for LaTeX macros (HO)
) (c:/Users/aimundo/AppData/Roaming/TinyTeX/texmf-dist/tex/latex/auxhook/auxhook.sty
Package: auxhook 2019-12-17 v1.6 Hooks for auxiliary files (HO)
) (c:/Users/aimundo/AppData/Roaming/TinyTeX/texmf-dist/tex/latex/kvoptions/kvoptions.sty
Package: kvoptions 2020-10-07 v3.14 Key value format for package options (HO)
)
\@linkdim=\dimen164
\Hy@linkcounter=\count285
\Hy@pagecounter=\count286
(c:/Users/aimundo/AppData/Roaming/TinyTeX/texmf-dist/tex/latex/hyperref/pd1enc.def
File: pd1enc.def 2021-06-07 v7.00m Hyperref: PDFDocEncoding definition (HO)
Now handling font encoding PD1 ...
... no UTF-8 mapping file for font encoding PD1
) (c:/Users/aimundo/AppData/Roaming/TinyTeX/texmf-dist/tex/latex/hyperref/hyperref-langpatches.def
File: hyperref-langpatches.def 2021-06-07 v7.00m Hyperref: patches for babel languages
) (c:/Users/aimundo/AppData/Roaming/TinyTeX/texmf-dist/tex/generic/intcalc/intcalc.sty
Package: intcalc 2019/12/15 v1.3 Expandable calculations with integers (HO)
) (c:/Users/aimundo/AppData/Roaming/TinyTeX/texmf-dist/tex/generic/etexcmds/etexcmds.sty
Package: etexcmds 2019/12/15 v1.7 Avoid name clashes with e-TeX commands (HO)
)
\Hy@SavedSpaceFactor=\count287
(c:/Users/aimundo/AppData/Roaming/TinyTeX/texmf-dist/tex/latex/hyperref/puenc.def
File: puenc.def 2021-06-07 v7.00m Hyperref: PDF Unicode definition (HO)
Now handling font encoding PU ...
... no UTF-8 mapping file for font encoding PU
)
Package hyperref Info: Option `pdfpagelabels' set `true' on input line 4073.
Package hyperref Info: Hyper figures OFF on input line 4192.
Package hyperref Info: Link nesting OFF on input line 4197.
Package hyperref Info: Hyper index ON on input line 4200.
Package hyperref Info: Plain pages OFF on input line 4207.
Package hyperref Info: Backreferencing OFF on input line 4212.
Package hyperref Info: Implicit mode ON; LaTeX internals redefined.
Package hyperref Info: Bookmarks ON on input line 4445.
\c@Hy@tempcnt=\count288
(c:/Users/aimundo/AppData/Roaming/TinyTeX/texmf-dist/tex/latex/url/url.sty
\Urlmuskip=\muskip17
Package: url 2013/09/16  ver 3.4  Verb mode for urls, etc.
)
LaTeX Info: Redefining \url on input line 4804.
\XeTeXLinkMargin=\dimen165
(c:/Users/aimundo/AppData/Roaming/TinyTeX/texmf-dist/tex/generic/bitset/bitset.sty
Package: bitset 2019/12/09 v1.3 Handle bit-vector datatype (HO)
(c:/Users/aimundo/AppData/Roaming/TinyTeX/texmf-dist/tex/generic/bigintcalc/bigintcalc.sty
Package: bigintcalc 2019/12/15 v1.5 Expandable calculations on big integers (HO)
))
\Fld@menulength=\count289
\Field@Width=\dimen166
\Fld@charsize=\dimen167
Package hyperref Info: Hyper figures OFF on input line 6076.
Package hyperref Info: Link nesting OFF on input line 6081.
Package hyperref Info: Hyper index ON on input line 6084.
Package hyperref Info: backreferencing OFF on input line 6091.
Package hyperref Info: Link coloring OFF on input line 6096.
Package hyperref Info: Link coloring with OCG OFF on input line 6101.
Package hyperref Info: PDF/A mode OFF on input line 6106.
LaTeX Info: Redefining \ref on input line 6146.
LaTeX Info: Redefining \pageref on input line 6150.
(c:/Users/aimundo/AppData/Roaming/TinyTeX/texmf-dist/tex/latex/base/atbegshi-ltx.sty
Package: atbegshi-ltx 2021/01/10 v1.0c Emulation of the original atbegshi
package with kernel methods
)
\Hy@abspage=\count290
\c@Item=\count291
\c@Hfootnote=\count292
)
Package hyperref Info: Driver (autodetected): hpdftex.
(c:/Users/aimundo/AppData/Roaming/TinyTeX/texmf-dist/tex/latex/hyperref/hpdftex.def
File: hpdftex.def 2021-06-07 v7.00m Hyperref driver for pdfTeX
(c:/Users/aimundo/AppData/Roaming/TinyTeX/texmf-dist/tex/latex/base/atveryend-ltx.sty
Package: atveryend-ltx 2020/08/19 v1.0a Emulation of the original atveryend package
with kernel methods
)
\Fld@listcount=\count293
\c@bookmark@seq@number=\count294
(c:/Users/aimundo/AppData/Roaming/TinyTeX/texmf-dist/tex/latex/rerunfilecheck/rerunfilecheck.sty
Package: rerunfilecheck 2019/12/05 v1.9 Rerun checks for auxiliary files (HO)
(c:/Users/aimundo/AppData/Roaming/TinyTeX/texmf-dist/tex/generic/uniquecounter/uniquecounter.sty
Package: uniquecounter 2019/12/15 v1.4 Provide unlimited unique counter (HO)
)
Package uniquecounter Info: New unique counter `rerunfilecheck' on input line 286.
)
\Hy@SectionHShift=\skip66
) (c:/Users/aimundo/AppData/Roaming/TinyTeX/texmf-dist/tex/latex/fancyvrb/fancyvrb.sty
Package: fancyvrb 2021/12/21 4.1b verbatim text (tvz,hv)
\FV@CodeLineNo=\count295
\FV@InFile=\read2
\FV@TabBox=\box52
\c@FancyVerbLine=\count296
\FV@StepNumber=\count297
\FV@OutFile=\write3
) (c:/Users/aimundo/AppData/Roaming/TinyTeX/texmf-dist/tex/latex/framed/framed.sty
Package: framed 2011/10/22 v 0.96: framed or shaded text with page breaks
\OuterFrameSep=\skip67
\fb@frw=\dimen168
\fb@frh=\dimen169
\FrameRule=\dimen170
\FrameSep=\dimen171
) (c:/Users/aimundo/AppData/Roaming/TinyTeX/texmf-dist/tex/latex/xcolor/xcolor.sty
Package: xcolor 2021/10/31 v2.13 LaTeX color extensions (UK)
(c:/Users/aimundo/AppData/Roaming/TinyTeX/texmf-dist/tex/latex/graphics-cfg/color.cfg
File: color.cfg 2016/01/02 v1.6 sample color configuration
)
Package xcolor Info: Driver file: pdftex.def on input line 227.
(c:/Users/aimundo/AppData/Roaming/TinyTeX/texmf-dist/tex/latex/graphics-def/pdftex.def
File: pdftex.def 2020/10/05 v1.2a Graphics/color driver for pdftex
)
Package xcolor Info: Model `cmy' substituted by `cmy0' on input line 1352.
Package xcolor Info: Model `hsb' substituted by `rgb' on input line 1356.
Package xcolor Info: Model `RGB' extended on input line 1368.
Package xcolor Info: Model `HTML' substituted by `rgb' on input line 1370.
Package xcolor Info: Model `Hsb' substituted by `hsb' on input line 1371.
Package xcolor Info: Model `tHsb' substituted by `hsb' on input line 1372.
Package xcolor Info: Model `HSB' substituted by `hsb' on input line 1373.
Package xcolor Info: Model `Gray' substituted by `gray' on input line 1374.
Package xcolor Info: Model `wave' substituted by `hsb' on input line 1375.
)) (c:/Users/aimundo/AppData/Roaming/TinyTeX/texmf-dist/tex/latex/graphics/graphicx.sty
Package: graphicx 2021/09/16 v1.2d Enhanced LaTeX Graphics (DPC,SPQR)
(c:/Users/aimundo/AppData/Roaming/TinyTeX/texmf-dist/tex/latex/graphics/graphics.sty
Package: graphics 2021/03/04 v1.4d Standard LaTeX Graphics (DPC,SPQR)
(c:/Users/aimundo/AppData/Roaming/TinyTeX/texmf-dist/tex/latex/graphics/trig.sty
Package: trig 2021/08/11 v1.11 sin cos tan (DPC)
) (c:/Users/aimundo/AppData/Roaming/TinyTeX/texmf-dist/tex/latex/graphics-cfg/graphics.cfg
File: graphics.cfg 2016/06/04 v1.11 sample graphics configuration
)
Package graphics Info: Driver file: pdftex.def on input line 107.
)
\Gin@req@height=\dimen172
\Gin@req@width=\dimen173
) (c:/Users/aimundo/AppData/Roaming/TinyTeX/texmf-dist/tex/generic/babel/babel.sty
Package: babel 2021/12/30 3.69 The Babel package
\babel@savecnt=\count298
\U@D=\dimen174
\l@unhyphenated=\language3
(c:/Users/aimundo/AppData/Roaming/TinyTeX/texmf-dist/tex/generic/babel/txtbabel.def)
\bbl@readstream=\read3
\bbl@dirlevel=\count299
(c:/Users/aimundo/AppData/Roaming/TinyTeX/texmf-dist/tex/generic/babel-english/english.ldf
Language: english 2017/06/06 v3.3r English support from the babel system
Package babel Info: Hyphen rules for 'british' set to \l@english
(babel)             (\language0). Reported on input line 82.
Package babel Info: Hyphen rules for 'UKenglish' set to \l@english
(babel)             (\language0). Reported on input line 83.
Package babel Info: Hyphen rules for 'canadian' set to \l@english
(babel)             (\language0). Reported on input line 102.
Package babel Info: Hyphen rules for 'australian' set to \l@english
(babel)             (\language0). Reported on input line 105.
Package babel Info: Hyphen rules for 'newzealand' set to \l@english
(babel)             (\language0). Reported on input line 108.
)) (c:/Users/aimundo/AppData/Roaming/TinyTeX/texmf-dist/tex/latex/base/fontenc.sty
Package: fontenc 2021/04/29 v2.0v Standard LaTeX package
) (c:/Users/aimundo/AppData/Roaming/TinyTeX/texmf-dist/tex/latex/base/inputenc.sty
Package: inputenc 2021/02/14 v1.3d Input encoding file
\inpenc@prehook=\toks23
\inpenc@posthook=\toks24
) (c:/Users/aimundo/AppData/Roaming/TinyTeX/texmf-dist/tex/latex/csquotes/csquotes.sty
Package: csquotes 2021-02-22 v5.2l context-sensitive quotations (JAW)
(c:/Users/aimundo/AppData/Roaming/TinyTeX/texmf-dist/tex/latex/etoolbox/etoolbox.sty
Package: etoolbox 2020/10/05 v2.5k e-TeX tools for LaTeX (JAW)
\etb@tempcnta=\count300
)
\csq@reset=\count301
\csq@gtype=\count302
\csq@glevel=\count303
\csq@qlevel=\count304
\csq@maxlvl=\count305
\csq@tshold=\count306
\csq@ltx@everypar=\toks25
(c:/Users/aimundo/AppData/Roaming/TinyTeX/texmf-dist/tex/latex/csquotes/csquotes.def
File: csquotes.def 2021-02-22 v5.2l csquotes generic definitions (JAW)
)
Package csquotes Info: Trying to load configuration file 'csquotes.cfg'...
Package csquotes Info: ... configuration file loaded successfully.
(c:/Users/aimundo/AppData/Roaming/TinyTeX/texmf-dist/tex/latex/csquotes/csquotes.cfg
File: csquotes.cfg 
)) (c:/Users/aimundo/AppData/Roaming/TinyTeX/texmf-dist/tex/latex/tools/longtable.sty
Package: longtable 2021-09-01 v4.17 Multi-page Table package (DPC)
\LTleft=\skip68
\LTright=\skip69
\LTpre=\skip70
\LTpost=\skip71
\LTchunksize=\count307
\LTcapwidth=\dimen175
\LT@head=\box53
\LT@firsthead=\box54
\LT@foot=\box55
\LT@lastfoot=\box56
\LT@gbox=\box57
\LT@cols=\count308
\LT@rows=\count309
\c@LT@tables=\count310
\c@LT@chunks=\count311
\LT@p@ftn=\toks26
) (c:/Users/aimundo/AppData/Roaming/TinyTeX/texmf-dist/tex/latex/booktabs/booktabs.sty
Package: booktabs 2020/01/12 v1.61803398 Publication quality tables
\heavyrulewidth=\dimen176
\lightrulewidth=\dimen177
\cmidrulewidth=\dimen178
\belowrulesep=\dimen179
\belowbottomsep=\dimen180
\aboverulesep=\dimen181
\abovetopsep=\dimen182
\cmidrulesep=\dimen183
\cmidrulekern=\dimen184
\defaultaddspace=\dimen185
\@cmidla=\count312
\@cmidlb=\count313
\@aboverulesep=\dimen186
\@belowrulesep=\dimen187
\@thisruleclass=\count314
\@lastruleclass=\count315
\@thisrulewidth=\dimen188
) (c:/Users/aimundo/AppData/Roaming/TinyTeX/texmf-dist/tex/latex/multirow/multirow.sty
Package: multirow 2021/03/15 v2.8 Span multiple rows of a table
\multirow@colwidth=\skip72
\multirow@cntb=\count316
\multirow@dima=\skip73
\bigstrutjot=\dimen189
) (c:/Users/aimundo/AppData/Roaming/TinyTeX/texmf-dist/tex/latex/pdflscape/pdflscape.sty
Package: pdflscape 2019/12/05 v0.12 Display of landscape pages in PDF (HO)
(c:/Users/aimundo/AppData/Roaming/TinyTeX/texmf-dist/tex/latex/graphics/lscape.sty
Package: lscape 2020/05/28 v3.02 Landscape Pages (DPC)
)
Package pdflscape Info: Auto-detected driver: pdftex on input line 81.
) (c:/Users/aimundo/AppData/Roaming/TinyTeX/texmf-dist/tex/latex/tabu/tabu.sty
Package: tabu 2019/01/11 v2.9 - flexible LaTeX tabulars (FC+tabu-fixed)
(c:/Users/aimundo/AppData/Roaming/TinyTeX/texmf-dist/tex/latex/tools/array.sty
Package: array 2021/10/04 v2.5f Tabular extension package (FMi)
\col@sep=\dimen190
\ar@mcellbox=\box58
\extrarowheight=\dimen191
\NC@list=\toks27
\extratabsurround=\skip74
\backup@length=\skip75
\ar@cellbox=\box59
) (c:/Users/aimundo/AppData/Roaming/TinyTeX/texmf-dist/tex/latex/varwidth/varwidth.sty
Package: varwidth 2009/03/30 ver 0.92;  Variable-width minipages
\@vwid@box=\box60
\sift@deathcycles=\count317
\@vwid@loff=\dimen192
\@vwid@roff=\dimen193
)
\c@taburow=\count318
\tabu@nbcols=\count319
\tabu@cnt=\count320
\tabu@Xcol=\count321
\tabu@alloc=\count322
\tabu@nested=\count323
\tabu@target=\dimen194
\tabu@spreadtarget=\dimen195
\tabu@naturalX=\dimen196
\tabucolX=\dimen197
\tabu@Xsum=\dimen198
\extrarowdepth=\dimen199
\abovetabulinesep=\dimen256
\belowtabulinesep=\dimen257
\tabustrutrule=\dimen258
\tabu@thebody=\toks28
\tabu@footnotes=\toks29
\tabu@box=\box61
\tabu@arstrutbox=\box62
\tabu@hleads=\box63
\tabu@vleads=\box64
\tabu@cellskip=\skip76
) (c:/Users/aimundo/AppData/Roaming/TinyTeX/texmf-dist/tex/latex/makecell/makecell.sty
Package: makecell 2009/08/03 V0.1e Managing of Tab Column Heads and Cells
\rotheadsize=\dimen259
\c@nlinenum=\count324
\TeXr@lab=\toks30
) (c:/Users/aimundo/AppData/Roaming/TinyTeX/texmf-dist/tex/latex/float/float.sty
Package: float 2001/11/08 v1.3d Float enhancements (AL)
\c@float@type=\count325
\float@exts=\toks31
\float@box=\box65
\@float@everytoks=\toks32
\@floatcapt=\box66
) (c:/Users/aimundo/AppData/Roaming/TinyTeX/texmf-dist/tex/latex/xurl/xurl.sty
Package: xurl 2022/01/09 v 0.10 modify URL breaks
)
Package hyperref Info: Option `colorlinks' set `true' on input line 84.
Package hyperref Info: Option `linktocpage' set `false' on input line 84.
\csllabelwidth=\skip77
\cslhangindent=\skip78
(c:/Users/aimundo/AppData/Roaming/TinyTeX/texmf-dist/tex/latex/tools/calc.sty
Package: calc 2017/05/25 v4.3 Infix arithmetic (KKT,FJ)
\calc@Acount=\count326
\calc@Bcount=\count327
\calc@Adimen=\dimen260
\calc@Bdimen=\dimen261
\calc@Askip=\skip79
\calc@Bskip=\skip80
LaTeX Info: Redefining \setlength on input line 80.
LaTeX Info: Redefining \addtolength on input line 81.
\calc@Ccount=\count328
\calc@Cskip=\skip81
)
Package csquotes Info: Checking for multilingual support...
Package csquotes Info: ... found 'babel' package.
Package csquotes Info: Adjusting default style.
Package csquotes Info: Redefining alias 'default' -> 'english'.
(c:/Users/aimundo/AppData/Roaming/TinyTeX/texmf-dist/tex/latex/l3backend/l3backend-pdftex.def
File: l3backend-pdftex.def 2022-01-12 L3 backend support: PDF output (pdfTeX)
\l__color_backend_stack_int=\count329
\l__pdf_internal_box=\box67
) (./thesis.aux)
\openout1 = `thesis.aux'.

LaTeX Font Info:    Checking defaults for OML/cmm/m/it on input line 204.
LaTeX Font Info:    ... okay on input line 204.
LaTeX Font Info:    Checking defaults for OMS/cmsy/m/n on input line 204.
LaTeX Font Info:    ... okay on input line 204.
LaTeX Font Info:    Checking defaults for OT1/cmr/m/n on input line 204.
LaTeX Font Info:    ... okay on input line 204.
LaTeX Font Info:    Checking defaults for T1/cmr/m/n on input line 204.
LaTeX Font Info:    ... okay on input line 204.
LaTeX Font Info:    Checking defaults for TS1/cmr/m/n on input line 204.
LaTeX Font Info:    ... okay on input line 204.
LaTeX Font Info:    Checking defaults for OMX/cmex/m/n on input line 204.
LaTeX Font Info:    ... okay on input line 204.
LaTeX Font Info:    Checking defaults for U/cmr/m/n on input line 204.
LaTeX Font Info:    ... okay on input line 204.
LaTeX Font Info:    Checking defaults for PD1/pdf/m/n on input line 204.
LaTeX Font Info:    ... okay on input line 204.
LaTeX Font Info:    Checking defaults for PU/pdf/m/n on input line 204.
LaTeX Font Info:    ... okay on input line 204.
*geometry* driver: auto-detecting
*geometry* detected driver: pdftex
*geometry* verbose mode - [ preamble ] result:
* driver: pdftex
* paper: <default>
* layout: <same size as paper>
* layoutoffset:(h,v)=(0.0pt,0.0pt)
* modes: 
* h-part:(L,W,R)=(72.26999pt, 469.75502pt, 72.26999pt)
* v-part:(T,H,B)=(72.26999pt, 650.43001pt, 72.26999pt)
* \paperwidth=614.295pt
* \paperheight=794.96999pt
* \textwidth=469.75502pt
* \textheight=650.43001pt
* \oddsidemargin=0.0pt
* \evensidemargin=0.0pt
* \topmargin=-31.8738pt
* \headheight=12.0pt
* \headsep=19.8738pt
* \topskip=11.0pt
* \footskip=27.46295pt
* \marginparwidth=62.0pt
* \marginparsep=7.0pt
* \columnsep=10.0pt
* \skip\footins=10.0pt plus 4.0pt minus 2.0pt
* \hoffset=0.0pt
* \voffset=0.0pt
* \mag=1000
* \@twocolumnfalse
* \@twosidefalse
* \@mparswitchfalse
* \@reversemarginfalse
* (1in=72.27pt=25.4mm, 1cm=28.453pt)

Package caption Info: Begin \AtBeginDocument code.
Package caption Info: subfig package v1.3 is loaded.
Package caption Info: float package is loaded.
Package caption Info: hyperref package is loaded.
Package caption Info: longtable package is loaded.
(c:/Users/aimundo/AppData/Roaming/TinyTeX/texmf-dist/tex/latex/caption/ltcaption.sty
Package: ltcaption 2020/05/30 v1.4b longtable captions (AR)
)
Package caption Info: End \AtBeginDocument code.
Package hyperref Info: Link coloring ON on input line 204.
(c:/Users/aimundo/AppData/Roaming/TinyTeX/texmf-dist/tex/latex/hyperref/nameref.sty
Package: nameref 2021-04-02 v2.47 Cross-referencing by name of section
(c:/Users/aimundo/AppData/Roaming/TinyTeX/texmf-dist/tex/latex/refcount/refcount.sty
Package: refcount 2019/12/15 v3.6 Data extraction from label references (HO)
) (c:/Users/aimundo/AppData/Roaming/TinyTeX/texmf-dist/tex/generic/gettitlestring/gettitlestring.sty
Package: gettitlestring 2019/12/15 v1.6 Cleanup title references (HO)
)
\c@section@level=\count330
LaTeX Info: Redefining \Ref on input line 520.
)
LaTeX Info: Redefining \ref on input line 204.
LaTeX Info: Redefining \pageref on input line 204.
LaTeX Info: Redefining \nameref on input line 204.
(./thesis.out) (./thesis.out)
\@outlinefile=\write4
\openout4 = `thesis.out'.

LaTeX Info: Redefining \Ref on input line 204.
(c:/Users/aimundo/AppData/Roaming/TinyTeX/texmf-dist/tex/latex/epstopdf-pkg/epstopdf-base.sty
Package: epstopdf-base 2020-01-24 v2.11 Base part for package epstopdf
Package epstopdf-base Info: Redefining graphics rule for `.eps' on input line 485.
(c:/Users/aimundo/AppData/Roaming/TinyTeX/texmf-dist/tex/latex/latexconfig/epstopdf-sys.cfg
File: epstopdf-sys.cfg 2010/07/13 v1.3 Configuration of (r)epstopdf for TeX Live
))
LaTeX Font Info:    Trying to load font information for U+msa on input line 211.
(c:/Users/aimundo/AppData/Roaming/TinyTeX/texmf-dist/tex/latex/amsfonts/umsa.fd
File: umsa.fd 2013/01/14 v3.01 AMS symbols A
)
LaTeX Font Info:    Trying to load font information for U+msb on input line 211.
(c:/Users/aimundo/AppData/Roaming/TinyTeX/texmf-dist/tex/latex/amsfonts/umsb.fd
File: umsb.fd 2013/01/14 v3.01 AMS symbols B
) [1



{c:/Users/aimundo/AppData/Roaming/TinyTeX/texmf-var/fonts/map/pdftex/updmap/pdftex.map}] [2




] [3




] [1






] [2




] [3




] (./thesis.toc [4




])
\tf@toc=\write5
\openout5 = `thesis.toc'.

[5] (./thesis.lot)
\tf@lot=\write6
\openout6 = `thesis.lot'.

[6




] (./thesis.lof)
\tf@lof=\write7
\openout7 = `thesis.lof'.

[7




]
LaTeX Font Info:    Trying to load font information for T1+cmtt on input line 286.
(c:/Users/aimundo/AppData/Roaming/TinyTeX/texmf-dist/tex/latex/base/t1cmtt.fd
File: t1cmtt.fd 2019/12/16 v2.5j Standard LaTeX font definitions
)

Package fancyhdr Warning: \headheight is too small (12.0pt): 
(fancyhdr)                Make it at least 13.59999pt, for example:
(fancyhdr)                \setlength{\headheight}{13.59999pt}.
(fancyhdr)                You might also make \topmargin smaller to compensate:
(fancyhdr)                \addtolength{\topmargin}{-1.59999pt}.

pdfTeX warning (ext4): destination with the same identifier (name{page.1}) has been already used, duplicate ignored
<to be read again> 
                   \relax 
l.303 \chapter{Introduction}\label{introduction}}
                                                  [1


]
Chapter 1.

Package fancyhdr Warning: \headheight is too small (12.0pt): 
(fancyhdr)                Make it at least 13.59999pt, for example:
(fancyhdr)                \setlength{\headheight}{13.59999pt}.
(fancyhdr)                You might also make \topmargin smaller to compensate:
(fancyhdr)                \addtolength{\topmargin}{-1.59999pt}.

pdfTeX warning (ext4): destination with the same identifier (name{page.2}) has been already used, duplicate ignored
<to be read again> 
                   \relax 
l.321 
       [2


]

Package fancyhdr Warning: \headheight is too small (12.0pt): 
(fancyhdr)                Make it at least 13.59999pt, for example:
(fancyhdr)                \setlength{\headheight}{13.59999pt}.
(fancyhdr)                You might also make \topmargin smaller to compensate:
(fancyhdr)                \addtolength{\topmargin}{-1.59999pt}.

pdfTeX warning (ext4): destination with the same identifier (name{page.3}) has been already used, duplicate ignored
<to be read again> 
                   \relax 
l.330 
       [3]

Package fancyhdr Warning: \headheight is too small (12.0pt): 
(fancyhdr)                Make it at least 13.59999pt, for example:
(fancyhdr)                \setlength{\headheight}{13.59999pt}.
(fancyhdr)                You might also make \topmargin smaller to compensate:
(fancyhdr)                \addtolength{\topmargin}{-1.59999pt}.

[4]
Overfull \hbox (6.55249pt too wide) in paragraph at lines 350--351
[]\T1/cmr/m/n/10.95 Regarding schedul-ing, it has been pre-vi-ously men-tioned that the ac-tive in-tra-venous in-jec-tion/bolus
 []


Package fancyhdr Warning: \headheight is too small (12.0pt): 
(fancyhdr)                Make it at least 13.59999pt, for example:
(fancyhdr)                \setlength{\headheight}{13.59999pt}.
(fancyhdr)                You might also make \topmargin smaller to compensate:
(fancyhdr)                \addtolength{\topmargin}{-1.59999pt}.

[5]

Package fancyhdr Warning: \headheight is too small (12.0pt): 
(fancyhdr)                Make it at least 13.59999pt, for example:
(fancyhdr)                \setlength{\headheight}{13.59999pt}.
(fancyhdr)                You might also make \topmargin smaller to compensate:
(fancyhdr)                \addtolength{\topmargin}{-1.59999pt}.

[6]

Package fancyhdr Warning: \headheight is too small (12.0pt): 
(fancyhdr)                Make it at least 13.59999pt, for example:
(fancyhdr)                \setlength{\headheight}{13.59999pt}.
(fancyhdr)                You might also make \topmargin smaller to compensate:
(fancyhdr)                \addtolength{\topmargin}{-1.59999pt}.

[7]

Package fancyhdr Warning: \headheight is too small (12.0pt): 
(fancyhdr)                Make it at least 13.59999pt, for example:
(fancyhdr)                \setlength{\headheight}{13.59999pt}.
(fancyhdr)                You might also make \topmargin smaller to compensate:
(fancyhdr)                \addtolength{\topmargin}{-1.59999pt}.

[8]
Overfull \hbox (2.42162pt too wide) in paragraph at lines 412--415
[] [] 
 []


Overfull \hbox (2.42162pt too wide) in paragraph at lines 416--419
[][] [] 
 []


Overfull \hbox (2.42162pt too wide) in paragraph at lines 420--423
[][] [] 
 []


Overfull \hbox (2.42162pt too wide) in paragraph at lines 424--427
[][] [] 
 []


Overfull \hbox (2.42162pt too wide) in paragraph at lines 428--431
[][] [] 
 []


Overfull \hbox (2.42162pt too wide) in paragraph at lines 432--435
[][] [] 
 []


Overfull \hbox (2.42162pt too wide) in paragraph at lines 436--439
[][] [] 
 []


Package fancyhdr Warning: \headheight is too small (12.0pt): 
(fancyhdr)                Make it at least 13.59999pt, for example:
(fancyhdr)                \setlength{\headheight}{13.59999pt}.
(fancyhdr)                You might also make \topmargin smaller to compensate:
(fancyhdr)                \addtolength{\topmargin}{-1.59999pt}.

[9]
Overfull \hbox (2.42162pt too wide) in paragraph at lines 440--443
[][] [] 
 []


Underfull \hbox (badness 2229) in paragraph at lines 446--446
[]\T1/cmr/m/n/10.95 Lin OS. Se-da-tion for rou-tine gas-troin-testi-nal en-do-scopic pro-ce-dures: A re-view on
 []


Underfull \hbox (badness 2418) in paragraph at lines 446--446
\T1/cmr/m/n/10.95 ef-fi-cacy, safety, ef-fi-ciency, cost and sat-is-fac-tion. \T1/cmr/m/it/10.95 In-testi-nal Re-search\T1/cmr/m/n/10.95 . 2017;15(4):456.
 []


Overfull \hbox (2.42162pt too wide) in paragraph at lines 444--447
[][] [] 
 []


Overfull \hbox (2.42162pt too wide) in paragraph at lines 448--451
[][] [] 
 []


Overfull \hbox (2.42162pt too wide) in paragraph at lines 452--455
[][] [] 
 []


Overfull \hbox (2.42162pt too wide) in paragraph at lines 456--459
[][] [] 
 []


Overfull \hbox (2.42162pt too wide) in paragraph at lines 460--463
[][] [] 
 []


Overfull \hbox (2.42162pt too wide) in paragraph at lines 464--467
[][] [] 
 []


Overfull \hbox (2.42162pt too wide) in paragraph at lines 468--471
[][] [] 
 []


Overfull \hbox (2.42162pt too wide) in paragraph at lines 472--475
[][] [] 
 []


Overfull \hbox (2.42162pt too wide) in paragraph at lines 476--479
[][] [] 
 []


Overfull \hbox (2.42162pt too wide) in paragraph at lines 480--483
[][] [] 
 []


Overfull \hbox (2.42162pt too wide) in paragraph at lines 484--487
[][] [] 
 []


Overfull \hbox (2.42162pt too wide) in paragraph at lines 488--491
[][] [] 
 []


Package fancyhdr Warning: \headheight is too small (12.0pt): 
(fancyhdr)                Make it at least 13.59999pt, for example:
(fancyhdr)                \setlength{\headheight}{13.59999pt}.
(fancyhdr)                You might also make \topmargin smaller to compensate:
(fancyhdr)                \addtolength{\topmargin}{-1.59999pt}.

[10]
Overfull \hbox (2.42162pt too wide) in paragraph at lines 492--495
[][] [] 
 []


Overfull \hbox (2.42162pt too wide) in paragraph at lines 496--499
[][] [] 
 []


Overfull \hbox (2.42162pt too wide) in paragraph at lines 500--503
[][] [] 
 []


Overfull \hbox (2.42162pt too wide) in paragraph at lines 504--507
[][] [] 
 []


Overfull \hbox (2.42162pt too wide) in paragraph at lines 508--511
[][] [] 
 []


Underfull \hbox (badness 2111) in paragraph at lines 514--514
[]\T1/cmr/m/n/10.95 Venook AP, Wil-lett CG. Treat-ment of lo-cally ad-vanced/metastatic col-orec-tal can-
 []


Underfull \hbox (badness 3068) in paragraph at lines 514--514
\T1/cmr/m/n/10.95 cer. \T1/cmr/m/it/10.95 Jour-nal of the Na-tional Com-pre-hen-sive Can-cer Net-work\T1/cmr/m/n/10.95 . 2021;19(5.5):617-621.
 []


Overfull \hbox (2.42162pt too wide) in paragraph at lines 512--515
[][] [] 
 []


Overfull \hbox (2.42162pt too wide) in paragraph at lines 516--519
[][] [] 
 []


Overfull \hbox (2.42162pt too wide) in paragraph at lines 520--523
[][] [] 
 []


Overfull \hbox (2.42162pt too wide) in paragraph at lines 524--527
[][] [] 
 []


Overfull \hbox (2.42162pt too wide) in paragraph at lines 528--531
[][] [] 
 []


Overfull \hbox (2.42162pt too wide) in paragraph at lines 532--535
[][] [] 
 []


Overfull \hbox (2.42162pt too wide) in paragraph at lines 536--539
[][] [] 
 []


Overfull \hbox (2.42162pt too wide) in paragraph at lines 540--543
[][] [] 
 []


Package fancyhdr Warning: \headheight is too small (12.0pt): 
(fancyhdr)                Make it at least 13.59999pt, for example:
(fancyhdr)                \setlength{\headheight}{13.59999pt}.
(fancyhdr)                You might also make \topmargin smaller to compensate:
(fancyhdr)                \addtolength{\topmargin}{-1.59999pt}.

[11]
Overfull \hbox (2.42162pt too wide) in paragraph at lines 544--547
[][] [] 
 []


Overfull \hbox (2.42162pt too wide) in paragraph at lines 548--551
[][] [] 
 []


Overfull \hbox (2.42162pt too wide) in paragraph at lines 552--555
[][] [] 
 []


Overfull \hbox (2.42162pt too wide) in paragraph at lines 556--559
[][] [] 
 []


Overfull \hbox (2.42162pt too wide) in paragraph at lines 560--563
[][] [] 
 []


Overfull \hbox (2.42162pt too wide) in paragraph at lines 564--567
[][] [] 
 []


Underfull \hbox (badness 2096) in paragraph at lines 570--570
\T1/cmr/m/n/10.95 apy: Meet-ing re-port of the 2nd in-ter-na-tional work-shop on metro-nomic and anti-
 []


Overfull \hbox (2.42162pt too wide) in paragraph at lines 568--571
[][] [] 
 []


Overfull \hbox (2.42162pt too wide) in paragraph at lines 572--575
[][] [] 
 []


Underfull \hbox (badness 3078) in paragraph at lines 578--578
\T1/cmr/m/n/10.95 apy im-proves ef-fi-cacy against ex-per-i-men-tal drug-resistant can-cer. \T1/cmr/m/it/10.95 Can-cer re-search\T1/cmr/m/n/10.95 .
 []


Overfull \hbox (2.42162pt too wide) in paragraph at lines 576--579
[][] [] 
 []


Overfull \hbox (2.42162pt too wide) in paragraph at lines 580--583
[][] [] 
 []


Overfull \hbox (2.42162pt too wide) in paragraph at lines 584--587
[][] [] 
 []


Overfull \hbox (2.42162pt too wide) in paragraph at lines 588--591
[][] [] 
 []


Overfull \hbox (2.42162pt too wide) in paragraph at lines 592--595
[][] [] 
 []


Package fancyhdr Warning: \headheight is too small (12.0pt): 
(fancyhdr)                Make it at least 13.59999pt, for example:
(fancyhdr)                \setlength{\headheight}{13.59999pt}.
(fancyhdr)                You might also make \topmargin smaller to compensate:
(fancyhdr)                \addtolength{\topmargin}{-1.59999pt}.

[12]
Overfull \hbox (2.42162pt too wide) in paragraph at lines 596--599
[][] [] 
 []


Overfull \hbox (2.42162pt too wide) in paragraph at lines 600--603
[][] [] 
 []


Underfull \hbox (badness 1769) in paragraph at lines 606--606
\T1/cmr/m/n/10.95 1 and -2. \T1/cmr/m/it/10.95 Cold Spring Har-bor Per-spec-tives in Medicine\T1/cmr/m/n/10.95 . 2012;2(5):a006627-a006627.
 []


Overfull \hbox (2.42162pt too wide) in paragraph at lines 604--607
[][] [] 
 []


Overfull \hbox (2.42162pt too wide) in paragraph at lines 608--611
[][] [] 
 []


Overfull \hbox (2.42162pt too wide) in paragraph at lines 612--615
[][] [] 
 []


Overfull \hbox (2.42162pt too wide) in paragraph at lines 616--619
[][] [] 
 []


Overfull \hbox (2.42162pt too wide) in paragraph at lines 620--623
[][] [] 
 []


Overfull \hbox (2.42162pt too wide) in paragraph at lines 624--627
[][] [] 
 []


Overfull \hbox (2.42162pt too wide) in paragraph at lines 628--631
[][] [] 
 []


Overfull \hbox (2.42162pt too wide) in paragraph at lines 632--635
[][] [] 
 []


Overfull \hbox (2.42162pt too wide) in paragraph at lines 636--639
[][] [] 
 []


Underfull \hbox (badness 10000) in paragraph at lines 642--642
[]\T1/cmr/m/n/10.95 Masuda N, Hi-gaki K, Takano T, et al. A phase II study of
 []


Underfull \hbox (badness 10000) in paragraph at lines 642--642
\T1/cmr/m/n/10.95 metro-nomic pa-cli-taxel/cyclophosphamide/capecitabine fol-lowed by 5-
 []


Underfull \hbox (badness 2529) in paragraph at lines 642--642
\T1/cmr/m/n/10.95 or low hor-mone re-cep-tor expressing/HER2-negative pri-mary breast can-cer. \T1/cmr/m/it/10.95 Can-cer
 []


Overfull \hbox (2.42162pt too wide) in paragraph at lines 640--643
[][] [] 
 []


Package fancyhdr Warning: \headheight is too small (12.0pt): 
(fancyhdr)                Make it at least 13.59999pt, for example:
(fancyhdr)                \setlength{\headheight}{13.59999pt}.
(fancyhdr)                You might also make \topmargin smaller to compensate:
(fancyhdr)                \addtolength{\topmargin}{-1.59999pt}.

[13]
Underfull \hbox (badness 1210) in paragraph at lines 646--646
\T1/cmr/m/n/10.95 apy in triple-negative breast can-cer (TNBC) (NCT00542191): Up-dated re-sults from
 []


Underfull \hbox (badness 5832) in paragraph at lines 646--646
\T1/cmr/m/n/10.95 a phase II trial. \T1/cmr/m/it/10.95 Jour-nal of Clin-i-cal On-col-ogy\T1/cmr/m/n/10.95 . 2016;34(15_suppl):e12502-e12502.
 []


Overfull \hbox (2.42162pt too wide) in paragraph at lines 644--647
[][] [] 
 []


Overfull \hbox (2.42162pt too wide) in paragraph at lines 648--651
[][] [] 
 []


Overfull \hbox (2.42162pt too wide) in paragraph at lines 652--655
[][] [] 
 []


Overfull \hbox (2.42162pt too wide) in paragraph at lines 656--659
[][] [] 
 []


Underfull \hbox (badness 10000) in paragraph at lines 662--662
[]\T1/cmr/m/n/10.95 Bocci G, Ker-bel RS. Phar-ma-coki-net-ics of metro-nomic chemother-apy: A ne-
 []


Underfull \hbox (badness 3199) in paragraph at lines 662--662
\T1/cmr/m/n/10.95 glected but cru-cial as-pect. \T1/cmr/m/it/10.95 Na-ture Re-views Clin-i-cal On-col-ogy\T1/cmr/m/n/10.95 . 2016;13(11):659-673.
 []


Overfull \hbox (2.42162pt too wide) in paragraph at lines 660--663
[][] [] 
 []


Overfull \hbox (2.42162pt too wide) in paragraph at lines 664--667
[][] [] 
 []


Underfull \hbox (badness 3396) in paragraph at lines 670--670
[]\T1/cmr/m/n/10.95 Shi H, Jiang J, Ji J, et al. Anti-angiogenesis par-tic-i-pates in an-ti-tu-mor ef-fects
 []


Underfull \hbox (badness 3679) in paragraph at lines 670--670
\T1/cmr/m/n/10.95 of metro-nomic capecitabine on colon can-cer. \T1/cmr/m/it/10.95 Can-cer Let-ters\T1/cmr/m/n/10.95 . 2014;349(2):128-135.
 []


Overfull \hbox (2.42162pt too wide) in paragraph at lines 668--671
[][] [] 
 []


Overfull \hbox (2.42162pt too wide) in paragraph at lines 672--675
[][] [] 
 []


Overfull \hbox (2.42162pt too wide) in paragraph at lines 676--679
[][] [] 
 []


Overfull \hbox (2.42162pt too wide) in paragraph at lines 680--683
[][] [] 
 []


Package fancyhdr Warning: \headheight is too small (12.0pt): 
(fancyhdr)                Make it at least 13.59999pt, for example:
(fancyhdr)                \setlength{\headheight}{13.59999pt}.
(fancyhdr)                You might also make \topmargin smaller to compensate:
(fancyhdr)                \addtolength{\topmargin}{-1.59999pt}.

[14]
Overfull \hbox (2.42162pt too wide) in paragraph at lines 684--687
[][] [] 
 []


Underfull \hbox (badness 8170) in paragraph at lines 690--690
[]\T1/cmr/m/n/10.95 Hanahan D, Wein-berg RA. The hall-marks of can-cer. \T1/cmr/m/it/10.95 Cell\T1/cmr/m/n/10.95 . 2000;100(1):57-70.
 []


Overfull \hbox (2.42162pt too wide) in paragraph at lines 688--691
[][] [] 
 []


Overfull \hbox (2.42162pt too wide) in paragraph at lines 692--695
[][] [] 
 []


Overfull \hbox (2.42162pt too wide) in paragraph at lines 696--699
[][] [] 
 []


Overfull \hbox (2.42162pt too wide) in paragraph at lines 700--703
[][] [] 
 []


Overfull \hbox (2.42162pt too wide) in paragraph at lines 704--707
[][] [] 
 []


Overfull \hbox (2.42162pt too wide) in paragraph at lines 708--711
[][] [] 
 []


Overfull \hbox (2.42162pt too wide) in paragraph at lines 712--715
[][] [] 
 []


Overfull \hbox (2.42162pt too wide) in paragraph at lines 716--719
[][] [] 
 []


Underfull \hbox (badness 3009) in paragraph at lines 722--722
[]\T1/cmr/m/n/10.95 Simon T, Gagliano T, Gi-a-mas G. Di-rect ef-fects of anti-angiogenic ther-a-pies on
 []


Underfull \hbox (badness 5592) in paragraph at lines 722--722
\T1/cmr/m/n/10.95 tu-mor cells: VEGF sig-nal-ing. \T1/cmr/m/it/10.95 Trends in Molec-u-lar Medicine\T1/cmr/m/n/10.95 . 2017;23(3):282-292.
 []


Overfull \hbox (2.42162pt too wide) in paragraph at lines 720--723
[][] [] 
 []


Overfull \hbox (2.42162pt too wide) in paragraph at lines 724--727
[][] [] 
 []


Overfull \hbox (2.42162pt too wide) in paragraph at lines 728--731
[][] [] 
 []


Overfull \hbox (2.42162pt too wide) in paragraph at lines 732--735
[][] [] 
 []


Overfull \hbox (2.42162pt too wide) in paragraph at lines 736--739
[][] [] 
 []


Package fancyhdr Warning: \headheight is too small (12.0pt): 
(fancyhdr)                Make it at least 13.59999pt, for example:
(fancyhdr)                \setlength{\headheight}{13.59999pt}.
(fancyhdr)                You might also make \topmargin smaller to compensate:
(fancyhdr)                \addtolength{\topmargin}{-1.59999pt}.

[15]
Chapter 2.

Package fancyhdr Warning: \headheight is too small (12.0pt): 
(fancyhdr)                Make it at least 13.59999pt, for example:
(fancyhdr)                \setlength{\headheight}{13.59999pt}.
(fancyhdr)                You might also make \topmargin smaller to compensate:
(fancyhdr)                \addtolength{\topmargin}{-1.59999pt}.

[16


]
Chapter 3.

Package fancyhdr Warning: \headheight is too small (12.0pt): 
(fancyhdr)                Make it at least 13.59999pt, for example:
(fancyhdr)                \setlength{\headheight}{13.59999pt}.
(fancyhdr)                You might also make \topmargin smaller to compensate:
(fancyhdr)                \addtolength{\topmargin}{-1.59999pt}.

[17


]
Chapter 4.

Package fancyhdr Warning: \headheight is too small (12.0pt): 
(fancyhdr)                Make it at least 13.59999pt, for example:
(fancyhdr)                \setlength{\headheight}{13.59999pt}.
(fancyhdr)                You might also make \topmargin smaller to compensate:
(fancyhdr)                \addtolength{\topmargin}{-1.59999pt}.

[18


]
Chapter 5.

Package fancyhdr Warning: \headheight is too small (12.0pt): 
(fancyhdr)                Make it at least 13.59999pt, for example:
(fancyhdr)                \setlength{\headheight}{13.59999pt}.
(fancyhdr)                You might also make \topmargin smaller to compensate:
(fancyhdr)                \addtolength{\topmargin}{-1.59999pt}.

[19


]pdfTeX warning (ext4): destination with the same identifier (name{refs}) has been already used, duplicate ignored
<to be read again> 
                   \relax 
l.773 \hypertarget{refs}{}
                          pdfTeX warning (ext4): destination with the same identifier (name{ref-moeslein2001}) has been already used, duplicate ignored
<to be read again> 
                   \relax 
l.775 ...just pre{\hypertarget{ref-moeslein2001}{}
                                                  }%
Overfull \hbox (16.87538pt too wide) in paragraph at lines 775--778
 [][] [] 
 []

pdfTeX warning (ext4): destination with the same identifier (name{ref-siegel2020}) has been already used, duplicate ignored
<to be read again> 
                   \relax 
l.779 ...adjust pre{\hypertarget{ref-siegel2020}{}
                                                  }%
Overfull \hbox (16.87538pt too wide) in paragraph at lines 779--782
 [][] [] 
 []

pdfTeX warning (ext4): destination with the same identifier (name{ref-jansman2007}) has been already used, duplicate ignored
<to be read again> 
                   \relax 
l.783 ...djust pre{\hypertarget{ref-jansman2007}{}
                                                  }%
Overfull \hbox (16.87538pt too wide) in paragraph at lines 783--786
 [][] [] 
 []

pdfTeX warning (ext4): destination with the same identifier (name{ref-benson2020}) has been already used, duplicate ignored
<to be read again> 
                   \relax 
l.787 ...adjust pre{\hypertarget{ref-benson2020}{}
                                                  }%
Overfull \hbox (16.87538pt too wide) in paragraph at lines 787--790
 [][] [] 
 []

pdfTeX warning (ext4): destination with the same identifier (name{ref-mccormick2002}) has been already used, duplicate ignored
<to be read again> 
                   \relax 
l.791 ...ust pre{\hypertarget{ref-mccormick2002}{}
                                                  }%
Overfull \hbox (16.87538pt too wide) in paragraph at lines 791--794
 [][] [] 
 []

pdfTeX warning (ext4): destination with the same identifier (name{ref-siegel2017}) has been already used, duplicate ignored
<to be read again> 
                   \relax 
l.795 ...adjust pre{\hypertarget{ref-siegel2017}{}
                                                  }%
Overfull \hbox (16.87538pt too wide) in paragraph at lines 795--798
 [][] [] 
 []

pdfTeX warning (ext4): destination with the same identifier (name{ref-lieberman2014}) has been already used, duplicate ignored
<to be read again> 
                   \relax 
l.799 ...ust pre{\hypertarget{ref-lieberman2014}{}
                                                  }%
Overfull \hbox (16.87538pt too wide) in paragraph at lines 799--802
 [][] [] 
 []

pdfTeX warning (ext4): destination with the same identifier (name{ref-saltzman2015}) has been already used, duplicate ignored
<to be read again> 
                   \relax 
l.803 ...just pre{\hypertarget{ref-saltzman2015}{}
                                                  }%
Overfull \hbox (16.87538pt too wide) in paragraph at lines 803--806
 [][] [] 
 []

pdfTeX warning (ext4): destination with the same identifier (name{ref-lin2017}) has been already used, duplicate ignored
<to be read again> 
                   \relax 
l.807 ...e\vadjust pre{\hypertarget{ref-lin2017}{}
                                                  }%
Underfull \hbox (badness 2229) in paragraph at lines 809--809
[]\T1/cmr/m/n/10.95 Lin OS. Se-da-tion for rou-tine gas-troin-testi-nal en-do-scopic pro-ce-dures: A re-view on
 []


Underfull \hbox (badness 2418) in paragraph at lines 809--809
\T1/cmr/m/n/10.95 ef-fi-cacy, safety, ef-fi-ciency, cost and sat-is-fac-tion. \T1/cmr/m/it/10.95 In-testi-nal Re-search\T1/cmr/m/n/10.95 . 2017;15(4):456.
 []


Overfull \hbox (16.87538pt too wide) in paragraph at lines 807--810
 [][] [] 
 []

pdfTeX warning (ext4): destination with the same identifier (name{ref-shehadeh2020}) has been already used, duplicate ignored
<to be read again> 
                   \relax 
l.811 ...just pre{\hypertarget{ref-shehadeh2020}{}
                                                  }%
Overfull \hbox (16.87538pt too wide) in paragraph at lines 811--814
 [][] [] 
 []


Package fancyhdr Warning: \headheight is too small (12.0pt): 
(fancyhdr)                Make it at least 13.59999pt, for example:
(fancyhdr)                \setlength{\headheight}{13.59999pt}.
(fancyhdr)                You might also make \topmargin smaller to compensate:
(fancyhdr)                \addtolength{\topmargin}{-1.59999pt}.

[20


]pdfTeX warning (ext4): destination with the same identifier (name{ref-duloy2018}) has been already used, duplicate ignored
<to be read again> 
                   \relax 
l.815 ...vadjust pre{\hypertarget{ref-duloy2018}{}
                                                  }%
Overfull \hbox (16.87538pt too wide) in paragraph at lines 815--818
 [][] [] 
 []

pdfTeX warning (ext4): destination with the same identifier (name{ref-widerska2014}) has been already used, duplicate ignored
<to be read again> 
                   \relax 
l.819 ...just pre{\hypertarget{ref-widerska2014}{}
                                                  }%
Overfull \hbox (16.87538pt too wide) in paragraph at lines 819--822
 [][] [] 
 []

pdfTeX warning (ext4): destination with the same identifier (name{ref-brown2019}) has been already used, duplicate ignored
<to be read again> 
                   \relax 
l.823 ...vadjust pre{\hypertarget{ref-brown2019}{}
                                                  }%
Overfull \hbox (16.87538pt too wide) in paragraph at lines 823--826
 [][] [] 
 []

pdfTeX warning (ext4): destination with the same identifier (name{ref-boo2015}) has been already used, duplicate ignored
<to be read again> 
                   \relax 
l.827 ...e\vadjust pre{\hypertarget{ref-boo2015}{}
                                                  }%
Overfull \hbox (16.87538pt too wide) in paragraph at lines 827--830
 [][] [] 
 []

pdfTeX warning (ext4): destination with the same identifier (name{ref-leufkens2012}) has been already used, duplicate ignored
<to be read again> 
                   \relax 
l.831 ...just pre{\hypertarget{ref-leufkens2012}{}
                                                  }%
Overfull \hbox (16.87538pt too wide) in paragraph at lines 831--834
 [][] [] 
 []

pdfTeX warning (ext4): destination with the same identifier (name{ref-vanrijn2006}) has been already used, duplicate ignored
<to be read again> 
                   \relax 
l.835 ...djust pre{\hypertarget{ref-vanrijn2006}{}
                                                  }%
Overfull \hbox (16.87538pt too wide) in paragraph at lines 835--838
 [][] [] 
 []

pdfTeX warning (ext4): destination with the same identifier (name{ref-tajbakhsh2016}) has been already used, duplicate ignored
<to be read again> 
                   \relax 
l.839 ...ust pre{\hypertarget{ref-tajbakhsh2016}{}
                                                  }%
Overfull \hbox (16.87538pt too wide) in paragraph at lines 839--842
 [][] [] 
 []

pdfTeX warning (ext4): destination with the same identifier (name{ref-bernal2017}) has been already used, duplicate ignored
<to be read again> 
                   \relax 
l.843 ...adjust pre{\hypertarget{ref-bernal2017}{}
                                                  }%
Overfull \hbox (16.87538pt too wide) in paragraph at lines 843--846
 [][] [] 
 []

pdfTeX warning (ext4): destination with the same identifier (name{ref-pacal2020}) has been already used, duplicate ignored
<to be read again> 
                   \relax 
l.847 ...vadjust pre{\hypertarget{ref-pacal2020}{}
                                                  }%
Overfull \hbox (16.87538pt too wide) in paragraph at lines 847--850
 [][] [] 
 []

pdfTeX warning (ext4): destination with the same identifier (name{ref-ajcc2017}) has been already used, duplicate ignored
<to be read again> 
                   \relax 
l.851 ...\vadjust pre{\hypertarget{ref-ajcc2017}{}
                                                  }%
Overfull \hbox (16.87538pt too wide) in paragraph at lines 851--854
 [][] [] 
 []


Package fancyhdr Warning: \headheight is too small (12.0pt): 
(fancyhdr)                Make it at least 13.59999pt, for example:
(fancyhdr)                \setlength{\headheight}{13.59999pt}.
(fancyhdr)                You might also make \topmargin smaller to compensate:
(fancyhdr)                \addtolength{\topmargin}{-1.59999pt}.

[21]pdfTeX warning (ext4): destination with the same identifier (name{ref-greene2002}) has been already used, duplicate ignored
<to be read again> 
                   \relax 
l.855 ...adjust pre{\hypertarget{ref-greene2002}{}
                                                  }%
Overfull \hbox (16.87538pt too wide) in paragraph at lines 855--858
 [][] [] 
 []

pdfTeX warning (ext4): destination with the same identifier (name{ref-benson2011}) has been already used, duplicate ignored
<to be read again> 
                   \relax 
l.859 ...adjust pre{\hypertarget{ref-benson2011}{}
                                                  }%
Overfull \hbox (16.87538pt too wide) in paragraph at lines 859--862
 [][] [] 
 []

pdfTeX warning (ext4): destination with the same identifier (name{ref-benson2018}) has been already used, duplicate ignored
<to be read again> 
                   \relax 
l.863 ...adjust pre{\hypertarget{ref-benson2018}{}
                                                  }%
Overfull \hbox (16.87538pt too wide) in paragraph at lines 863--866
 [][] [] 
 []

pdfTeX warning (ext4): destination with the same identifier (name{ref-seymour2019}) has been already used, duplicate ignored
<to be read again> 
                   \relax 
l.867 ...djust pre{\hypertarget{ref-seymour2019}{}
                                                  }%
Overfull \hbox (16.87538pt too wide) in paragraph at lines 867--870
 [][] [] 
 []

pdfTeX warning (ext4): destination with the same identifier (name{ref-roth2020}) has been already used, duplicate ignored
<to be read again> 
                   \relax 
l.871 ...\vadjust pre{\hypertarget{ref-roth2020}{}
                                                  }%
Overfull \hbox (16.87538pt too wide) in paragraph at lines 871--874
 [][] [] 
 []

pdfTeX warning (ext4): destination with the same identifier (name{ref-venook2021}) has been already used, duplicate ignored
<to be read again> 
                   \relax 
l.875 ...adjust pre{\hypertarget{ref-venook2021}{}
                                                  }%
Underfull \hbox (badness 2111) in paragraph at lines 877--877
[]\T1/cmr/m/n/10.95 Venook AP, Wil-lett CG. Treat-ment of lo-cally ad-vanced/metastatic col-orec-tal can-
 []


Underfull \hbox (badness 3068) in paragraph at lines 877--877
\T1/cmr/m/n/10.95 cer. \T1/cmr/m/it/10.95 Jour-nal of the Na-tional Com-pre-hen-sive Can-cer Net-work\T1/cmr/m/n/10.95 . 2021;19(5.5):617-621.
 []


Overfull \hbox (16.87538pt too wide) in paragraph at lines 875--878
 [][] [] 
 []

pdfTeX warning (ext4): destination with the same identifier (name{ref-kato2010}) has been already used, duplicate ignored
<to be read again> 
                   \relax 
l.879 ...\vadjust pre{\hypertarget{ref-kato2010}{}
                                                  }%
Overfull \hbox (16.87538pt too wide) in paragraph at lines 879--882
 [][] [] 
 []

pdfTeX warning (ext4): destination with the same identifier (name{ref-karoui2015}) has been already used, duplicate ignored
<to be read again> 
                   \relax 
l.883 ...adjust pre{\hypertarget{ref-karoui2015}{}
                                                  }%
Overfull \hbox (16.87538pt too wide) in paragraph at lines 883--886
 [][] [] 
 []

pdfTeX warning (ext4): destination with the same identifier (name{ref-housman2014}) has been already used, duplicate ignored
<to be read again> 
                   \relax 
l.887 ...djust pre{\hypertarget{ref-housman2014}{}
                                                  }%
Overfull \hbox (16.87538pt too wide) in paragraph at lines 887--890
 [][] [] 
 []

pdfTeX warning (ext4): destination with the same identifier (name{ref-longley2003}) has been already used, duplicate ignored
<to be read again> 
                   \relax 
l.891 ...djust pre{\hypertarget{ref-longley2003}{}
                                                  }%
Overfull \hbox (16.87538pt too wide) in paragraph at lines 891--894
 [][] [] 
 []

pdfTeX warning (ext4): destination with the same identifier (name{ref-arango2004}) has been already used, duplicate ignored
<to be read again> 
                   \relax 
l.895 ...adjust pre{\hypertarget{ref-arango2004}{}
                                                  }%
Overfull \hbox (16.87538pt too wide) in paragraph at lines 895--898
 [][] [] 
 []


Package fancyhdr Warning: \headheight is too small (12.0pt): 
(fancyhdr)                Make it at least 13.59999pt, for example:
(fancyhdr)                \setlength{\headheight}{13.59999pt}.
(fancyhdr)                You might also make \topmargin smaller to compensate:
(fancyhdr)                \addtolength{\topmargin}{-1.59999pt}.

[22]pdfTeX warning (ext4): destination with the same identifier (name{ref-tsai2016}) has been already used, duplicate ignored
<to be read again> 
                   \relax 
l.899 ...\vadjust pre{\hypertarget{ref-tsai2016}{}
                                                  }%
Overfull \hbox (16.87538pt too wide) in paragraph at lines 899--902
 [][] [] 
 []

pdfTeX warning (ext4): destination with the same identifier (name{ref-wielahojeska2015}) has been already used, duplicate ignored
<to be read again> 
                   \relax 
l.903 ... pre{\hypertarget{ref-wielahojeska2015}{}
                                                  }%
Overfull \hbox (16.87538pt too wide) in paragraph at lines 903--906
 [][] [] 
 []

pdfTeX warning (ext4): destination with the same identifier (name{ref-skipper1970}) has been already used, duplicate ignored
<to be read again> 
                   \relax 
l.907 ...djust pre{\hypertarget{ref-skipper1970}{}
                                                  }%
Overfull \hbox (16.87538pt too wide) in paragraph at lines 907--910
 [][] [] 
 []

pdfTeX warning (ext4): destination with the same identifier (name{ref-mukherjee2010}) has been already used, duplicate ignored
<to be read again> 
                   \relax 
l.911 ...ust pre{\hypertarget{ref-mukherjee2010}{}
                                                  }%
Overfull \hbox (16.87538pt too wide) in paragraph at lines 911--914
 [][] [] 
 []

pdfTeX warning (ext4): destination with the same identifier (name{ref-benzekry2013}) has been already used, duplicate ignored
<to be read again> 
                   \relax 
l.915 ...just pre{\hypertarget{ref-benzekry2013}{}
                                                  }%
Overfull \hbox (16.87538pt too wide) in paragraph at lines 915--918
 [][] [] 
 []

pdfTeX warning (ext4): destination with the same identifier (name{ref-porrata2001}) has been already used, duplicate ignored
<to be read again> 
                   \relax 
l.919 ...djust pre{\hypertarget{ref-porrata2001}{}
                                                  }%
Overfull \hbox (16.87538pt too wide) in paragraph at lines 919--922
 [][] [] 
 []

pdfTeX warning (ext4): destination with the same identifier (name{ref-kareva2015}) has been already used, duplicate ignored
<to be read again> 
                   \relax 
l.923 ...adjust pre{\hypertarget{ref-kareva2015}{}
                                                  }%
Overfull \hbox (16.87538pt too wide) in paragraph at lines 923--926
 [][] [] 
 []

pdfTeX warning (ext4): destination with the same identifier (name{ref-andre2011}) has been already used, duplicate ignored
<to be read again> 
                   \relax 
l.927 ...vadjust pre{\hypertarget{ref-andre2011}{}
                                                  }%
Overfull \hbox (16.87538pt too wide) in paragraph at lines 927--930
 [][] [] 
 []

pdfTeX warning (ext4): destination with the same identifier (name{ref-pasquier2011}) has been already used, duplicate ignored
<to be read again> 
                   \relax 
l.931 ...just pre{\hypertarget{ref-pasquier2011}{}
                                                  }%
Underfull \hbox (badness 2096) in paragraph at lines 933--933
\T1/cmr/m/n/10.95 apy: Meet-ing re-port of the 2nd in-ter-na-tional work-shop on metro-nomic and anti-
 []


Overfull \hbox (16.87538pt too wide) in paragraph at lines 931--934
 [][] [] 
 []

pdfTeX warning (ext4): destination with the same identifier (name{ref-pasquier2010}) has been already used, duplicate ignored
<to be read again> 
                   \relax 
l.935 ...just pre{\hypertarget{ref-pasquier2010}{}
                                                  }%
Overfull \hbox (16.87538pt too wide) in paragraph at lines 935--938
 [][] [] 
 []

pdfTeX warning (ext4): destination with the same identifier (name{ref-browder2000}) has been already used, duplicate ignored
<to be read again> 
                   \relax 
l.939 ...djust pre{\hypertarget{ref-browder2000}{}
                                                  }%
Underfull \hbox (badness 3078) in paragraph at lines 941--941
\T1/cmr/m/n/10.95 apy im-proves ef-fi-cacy against ex-per-i-men-tal drug-resistant can-cer. \T1/cmr/m/it/10.95 Can-cer re-search\T1/cmr/m/n/10.95 .
 []


Overfull \hbox (16.87538pt too wide) in paragraph at lines 939--942
 [][] [] 
 []


Package fancyhdr Warning: \headheight is too small (12.0pt): 
(fancyhdr)                Make it at least 13.59999pt, for example:
(fancyhdr)                \setlength{\headheight}{13.59999pt}.
(fancyhdr)                You might also make \topmargin smaller to compensate:
(fancyhdr)                \addtolength{\topmargin}{-1.59999pt}.

[23]pdfTeX warning (ext4): destination with the same identifier (name{ref-klement2000}) has been already used, duplicate ignored
<to be read again> 
                   \relax 
l.943 ...djust pre{\hypertarget{ref-klement2000}{}
                                                  }%
Overfull \hbox (16.87538pt too wide) in paragraph at lines 943--946
 [][] [] 
 []

pdfTeX warning (ext4): destination with the same identifier (name{ref-maiti2014}) has been already used, duplicate ignored
<to be read again> 
                   \relax 
l.947 ...vadjust pre{\hypertarget{ref-maiti2014}{}
                                                  }%
Overfull \hbox (16.87538pt too wide) in paragraph at lines 947--950
 [][] [] 
 []

pdfTeX warning (ext4): destination with the same identifier (name{ref-natale2017}) has been already used, duplicate ignored
<to be read again> 
                   \relax 
l.951 ...adjust pre{\hypertarget{ref-natale2017}{}
                                                  }%
Overfull \hbox (16.87538pt too wide) in paragraph at lines 951--954
 [][] [] 
 []

pdfTeX warning (ext4): destination with the same identifier (name{ref-kerbel2004}) has been already used, duplicate ignored
<to be read again> 
                   \relax 
l.955 ...adjust pre{\hypertarget{ref-kerbel2004}{}
                                                  }%
Overfull \hbox (16.87538pt too wide) in paragraph at lines 955--958
 [][] [] 
 []

pdfTeX warning (ext4): destination with the same identifier (name{ref-genfors2016}) has been already used, duplicate ignored
<to be read again> 
                   \relax 
l.959 ...djust pre{\hypertarget{ref-genfors2016}{}
                                                  }%
Overfull \hbox (16.87538pt too wide) in paragraph at lines 959--962
 [][] [] 
 []

pdfTeX warning (ext4): destination with the same identifier (name{ref-stoelting2008}) has been already used, duplicate ignored
<to be read again> 
                   \relax 
l.963 ...ust pre{\hypertarget{ref-stoelting2008}{}
                                                  }%
Overfull \hbox (16.87538pt too wide) in paragraph at lines 963--966
 [][] [] 
 []

pdfTeX warning (ext4): destination with the same identifier (name{ref-lawler2012}) has been already used, duplicate ignored
<to be read again> 
                   \relax 
l.967 ...adjust pre{\hypertarget{ref-lawler2012}{}
                                                  }%
Underfull \hbox (badness 1769) in paragraph at lines 969--969
\T1/cmr/m/n/10.95 1 and -2. \T1/cmr/m/it/10.95 Cold Spring Har-bor Per-spec-tives in Medicine\T1/cmr/m/n/10.95 . 2012;2(5):a006627-a006627.
 []


Overfull \hbox (16.87538pt too wide) in paragraph at lines 967--970
 [][] [] 
 []

pdfTeX warning (ext4): destination with the same identifier (name{ref-bocci2003}) has been already used, duplicate ignored
<to be read again> 
                   \relax 
l.971 ...vadjust pre{\hypertarget{ref-bocci2003}{}
                                                  }%
Overfull \hbox (16.87538pt too wide) in paragraph at lines 971--974
 [][] [] 
 []

pdfTeX warning (ext4): destination with the same identifier (name{ref-andre2017}) has been already used, duplicate ignored
<to be read again> 
                   \relax 
l.975 ...vadjust pre{\hypertarget{ref-andre2017}{}
                                                  }%
Overfull \hbox (16.87538pt too wide) in paragraph at lines 975--978
 [][] [] 
 []

pdfTeX warning (ext4): destination with the same identifier (name{ref-alagizy2015}) has been already used, duplicate ignored
<to be read again> 
                   \relax 
l.979 ...djust pre{\hypertarget{ref-alagizy2015}{}
                                                  }%
Overfull \hbox (16.87538pt too wide) in paragraph at lines 979--982
 [][] [] 
 []

pdfTeX warning (ext4): destination with the same identifier (name{ref-he2011}) has been already used, duplicate ignored
<to be read again> 
                   \relax 
l.983 ...de\vadjust pre{\hypertarget{ref-he2011}{}
                                                  }%
Overfull \hbox (16.87538pt too wide) in paragraph at lines 983--986
 [][] [] 
 []


Package fancyhdr Warning: \headheight is too small (12.0pt): 
(fancyhdr)                Make it at least 13.59999pt, for example:
(fancyhdr)                \setlength{\headheight}{13.59999pt}.
(fancyhdr)                You might also make \topmargin smaller to compensate:
(fancyhdr)                \addtolength{\topmargin}{-1.59999pt}.

[24]pdfTeX warning (ext4): destination with the same identifier (name{ref-huang2017}) has been already used, duplicate ignored
<to be read again> 
                   \relax 
l.987 ...vadjust pre{\hypertarget{ref-huang2017}{}
                                                  }%
Overfull \hbox (16.87538pt too wide) in paragraph at lines 987--990
 [][] [] 
 []

pdfTeX warning (ext4): destination with the same identifier (name{ref-walko2005}) has been already used, duplicate ignored
<to be read again> 
                   \relax 
l.991 ...vadjust pre{\hypertarget{ref-walko2005}{}
                                                  }%
Overfull \hbox (16.87538pt too wide) in paragraph at lines 991--994
 [][] [] 
 []

pdfTeX warning (ext4): destination with the same identifier (name{ref-reardon2009}) has been already used, duplicate ignored
<to be read again> 
                   \relax 
l.995 ...djust pre{\hypertarget{ref-reardon2009}{}
                                                  }%
Overfull \hbox (16.87538pt too wide) in paragraph at lines 995--998
 [][] [] 
 []

pdfTeX warning (ext4): destination with the same identifier (name{ref-romiti2013}) has been already used, duplicate ignored
<to be read again> 
                   \relax 
l.999 ...adjust pre{\hypertarget{ref-romiti2013}{}
                                                  }%
Overfull \hbox (16.87538pt too wide) in paragraph at lines 999--1002
 [][] [] 
 []

pdfTeX warning (ext4): destination with the same identifier (name{ref-masuda2014}) has been already used, duplicate ignored
<to be read again> 
                   \relax 
l.1003 ...djust pre{\hypertarget{ref-masuda2014}{}
                                                  }%
Underfull \hbox (badness 10000) in paragraph at lines 1005--1005
[]\T1/cmr/m/n/10.95 Masuda N, Hi-gaki K, Takano T, et al. A phase II study of
 []


Underfull \hbox (badness 10000) in paragraph at lines 1005--1005
\T1/cmr/m/n/10.95 metro-nomic pa-cli-taxel/cyclophosphamide/capecitabine fol-lowed by 5-
 []


Underfull \hbox (badness 2529) in paragraph at lines 1005--1005
\T1/cmr/m/n/10.95 or low hor-mone re-cep-tor expressing/HER2-negative pri-mary breast can-cer. \T1/cmr/m/it/10.95 Can-cer
 []


Overfull \hbox (16.87538pt too wide) in paragraph at lines 1003--1006
 [][] [] 
 []

pdfTeX warning (ext4): destination with the same identifier (name{ref-hildebrand2016}) has been already used, duplicate ignored
<to be read again> 
                   \relax 
l.1007 ...t pre{\hypertarget{ref-hildebrand2016}{}
                                                  }%
Underfull \hbox (badness 1210) in paragraph at lines 1009--1009
\T1/cmr/m/n/10.95 apy in triple-negative breast can-cer (TNBC) (NCT00542191): Up-dated re-sults from
 []


Underfull \hbox (badness 5832) in paragraph at lines 1009--1009
\T1/cmr/m/n/10.95 a phase II trial. \T1/cmr/m/it/10.95 Jour-nal of Clin-i-cal On-col-ogy\T1/cmr/m/n/10.95 . 2016;34(15_suppl):e12502-e12502.
 []


Overfull \hbox (16.87538pt too wide) in paragraph at lines 1007--1010
 [][] [] 
 []

pdfTeX warning (ext4): destination with the same identifier (name{ref-dessai2016}) has been already used, duplicate ignored
<to be read again> 
                   \relax 
l.1011 ...djust pre{\hypertarget{ref-dessai2016}{}
                                                  }%
Overfull \hbox (16.87538pt too wide) in paragraph at lines 1011--1014
 [][] [] 
 []

pdfTeX warning (ext4): destination with the same identifier (name{ref-stempak2006}) has been already used, duplicate ignored
<to be read again> 
                   \relax 
l.1015 ...just pre{\hypertarget{ref-stempak2006}{}
                                                  }%
Overfull \hbox (16.87538pt too wide) in paragraph at lines 1015--1018
 [][] [] 
 []

pdfTeX warning (ext4): destination with the same identifier (name{ref-kumarage2020}) has been already used, duplicate ignored
<to be read again> 
                   \relax 
l.1019 ...ust pre{\hypertarget{ref-kumarage2020}{}
                                                  }%
Overfull \hbox (16.87538pt too wide) in paragraph at lines 1019--1022
 [][] [] 
 []


Package fancyhdr Warning: \headheight is too small (12.0pt): 
(fancyhdr)                Make it at least 13.59999pt, for example:
(fancyhdr)                \setlength{\headheight}{13.59999pt}.
(fancyhdr)                You might also make \topmargin smaller to compensate:
(fancyhdr)                \addtolength{\topmargin}{-1.59999pt}.

[25]pdfTeX warning (ext4): destination with the same identifier (name{ref-bocci2016}) has been already used, duplicate ignored
<to be read again> 
                   \relax 
l.1023 ...adjust pre{\hypertarget{ref-bocci2016}{}
                                                  }%
Underfull \hbox (badness 10000) in paragraph at lines 1025--1025
[]\T1/cmr/m/n/10.95 Bocci G, Ker-bel RS. Phar-ma-coki-net-ics of metro-nomic chemother-apy: A ne-
 []


Underfull \hbox (badness 3199) in paragraph at lines 1025--1025
\T1/cmr/m/n/10.95 glected but cru-cial as-pect. \T1/cmr/m/it/10.95 Na-ture Re-views Clin-i-cal On-col-ogy\T1/cmr/m/n/10.95 . 2016;13(11):659-673.
 []


Overfull \hbox (16.87538pt too wide) in paragraph at lines 1023--1026
 [][] [] 
 []

pdfTeX warning (ext4): destination with the same identifier (name{ref-yuan2015}) has been already used, duplicate ignored
<to be read again> 
                   \relax 
l.1027 ...vadjust pre{\hypertarget{ref-yuan2015}{}
                                                  }%
Overfull \hbox (16.87538pt too wide) in paragraph at lines 1027--1030
 [][] [] 
 []

pdfTeX warning (ext4): destination with the same identifier (name{ref-shi2014}) has been already used, duplicate ignored
<to be read again> 
                   \relax 
l.1031 ...\vadjust pre{\hypertarget{ref-shi2014}{}
                                                  }%
Underfull \hbox (badness 3396) in paragraph at lines 1033--1033
[]\T1/cmr/m/n/10.95 Shi H, Jiang J, Ji J, et al. Anti-angiogenesis par-tic-i-pates in an-ti-tu-mor ef-fects
 []


Underfull \hbox (badness 3679) in paragraph at lines 1033--1033
\T1/cmr/m/n/10.95 of metro-nomic capecitabine on colon can-cer. \T1/cmr/m/it/10.95 Can-cer Let-ters\T1/cmr/m/n/10.95 . 2014;349(2):128-135.
 []


Overfull \hbox (16.87538pt too wide) in paragraph at lines 1031--1034
 [][] [] 
 []

pdfTeX warning (ext4): destination with the same identifier (name{ref-farnsworth2013}) has been already used, duplicate ignored
<to be read again> 
                   \relax 
l.1035 ...t pre{\hypertarget{ref-farnsworth2013}{}
                                                  }%
Overfull \hbox (16.87538pt too wide) in paragraph at lines 1035--1038
 [][] [] 
 []

pdfTeX warning (ext4): destination with the same identifier (name{ref-hanahan2011}) has been already used, duplicate ignored
<to be read again> 
                   \relax 
l.1039 ...just pre{\hypertarget{ref-hanahan2011}{}
                                                  }%
Overfull \hbox (16.87538pt too wide) in paragraph at lines 1039--1042
 [][] [] 
 []

pdfTeX warning (ext4): destination with the same identifier (name{ref-muthukkaruppan1982}) has been already used, duplicate ignored
<to be read again> 
                   \relax 
l.1043 ...e{\hypertarget{ref-muthukkaruppan1982}{}
                                                  }%
Overfull \hbox (16.87538pt too wide) in paragraph at lines 1043--1046
 [][] [] 
 []

pdfTeX warning (ext4): destination with the same identifier (name{ref-carmeliet2000}) has been already used, duplicate ignored
<to be read again> 
                   \relax 
l.1047 ...st pre{\hypertarget{ref-carmeliet2000}{}
                                                  }%
Overfull \hbox (16.87538pt too wide) in paragraph at lines 1047--1050
 [][] [] 
 []

pdfTeX warning (ext4): destination with the same identifier (name{ref-hanahan2000}) has been already used, duplicate ignored
<to be read again> 
                   \relax 
l.1051 ...just pre{\hypertarget{ref-hanahan2000}{}
                                                  }%
Underfull \hbox (badness 8170) in paragraph at lines 1053--1053
[]\T1/cmr/m/n/10.95 Hanahan D, Wein-berg RA. The hall-marks of can-cer. \T1/cmr/m/it/10.95 Cell\T1/cmr/m/n/10.95 . 2000;100(1):57-70.
 []


Overfull \hbox (16.87538pt too wide) in paragraph at lines 1051--1054
 [][] [] 
 []

pdfTeX warning (ext4): destination with the same identifier (name{ref-ferrara2004}) has been already used, duplicate ignored
<to be read again> 
                   \relax 
l.1055 ...just pre{\hypertarget{ref-ferrara2004}{}
                                                  }%
Overfull \hbox (16.87538pt too wide) in paragraph at lines 1055--1058
 [][] [] 
 []

pdfTeX warning (ext4): destination with the same identifier (name{ref-carmeliet2005}) has been already used, duplicate ignored
<to be read again> 
                   \relax 
l.1059 ...st pre{\hypertarget{ref-carmeliet2005}{}
                                                  }%
Overfull \hbox (16.87538pt too wide) in paragraph at lines 1059--1062
 [][] [] 
 []

pdfTeX warning (ext4): destination with the same identifier (name{ref-apte2019}) has been already used, duplicate ignored
<to be read again> 
                   \relax 
l.1063 ...vadjust pre{\hypertarget{ref-apte2019}{}
                                                  }%
Overfull \hbox (16.87538pt too wide) in paragraph at lines 1063--1066
 [][] [] 
 []

pdfTeX warning (ext4): destination with the same identifier (name{ref-lamalice2007}) has been already used, duplicate ignored
<to be read again> 
                   \relax 
l.1067 ...ust pre{\hypertarget{ref-lamalice2007}{}
                                                  }%
Overfull \hbox (16.87538pt too wide) in paragraph at lines 1067--1070
 [][] [] 
 []


Package fancyhdr Warning: \headheight is too small (12.0pt): 
(fancyhdr)                Make it at least 13.59999pt, for example:
(fancyhdr)                \setlength{\headheight}{13.59999pt}.
(fancyhdr)                You might also make \topmargin smaller to compensate:
(fancyhdr)                \addtolength{\topmargin}{-1.59999pt}.

[26]pdfTeX warning (ext4): destination with the same identifier (name{ref-eilken2010}) has been already used, duplicate ignored
<to be read again> 
                   \relax 
l.1071 ...djust pre{\hypertarget{ref-eilken2010}{}
                                                  }%
Overfull \hbox (16.87538pt too wide) in paragraph at lines 1071--1074
 [][] [] 
 []

pdfTeX warning (ext4): destination with the same identifier (name{ref-vasudev2014}) has been already used, duplicate ignored
<to be read again> 
                   \relax 
l.1075 ...just pre{\hypertarget{ref-vasudev2014}{}
                                                  }%
Overfull \hbox (16.87538pt too wide) in paragraph at lines 1075--1078
 [][] [] 
 []

pdfTeX warning (ext4): destination with the same identifier (name{ref-yaddanapudi2017}) has been already used, duplicate ignored
<to be read again> 
                   \relax 
l.1079 ... pre{\hypertarget{ref-yaddanapudi2017}{}
                                                  }%
Overfull \hbox (16.87538pt too wide) in paragraph at lines 1079--1082
 [][] [] 
 []

pdfTeX warning (ext4): destination with the same identifier (name{ref-simon2017}) has been already used, duplicate ignored
<to be read again> 
                   \relax 
l.1083 ...adjust pre{\hypertarget{ref-simon2017}{}
                                                  }%
Underfull \hbox (badness 3009) in paragraph at lines 1085--1085
[]\T1/cmr/m/n/10.95 Simon T, Gagliano T, Gi-a-mas G. Di-rect ef-fects of anti-angiogenic ther-a-pies on
 []


Underfull \hbox (badness 5592) in paragraph at lines 1085--1085
\T1/cmr/m/n/10.95 tu-mor cells: VEGF sig-nal-ing. \T1/cmr/m/it/10.95 Trends in Molec-u-lar Medicine\T1/cmr/m/n/10.95 . 2017;23(3):282-292.
 []


Overfull \hbox (16.87538pt too wide) in paragraph at lines 1083--1086
 [][] [] 
 []

pdfTeX warning (ext4): destination with the same identifier (name{ref-tirpe2019}) has been already used, duplicate ignored
<to be read again> 
                   \relax 
l.1087 ...adjust pre{\hypertarget{ref-tirpe2019}{}
                                                  }%
Overfull \hbox (16.87538pt too wide) in paragraph at lines 1087--1090
 [][] [] 
 []

pdfTeX warning (ext4): destination with the same identifier (name{ref-xie:2021a}) has been already used, duplicate ignored
<to be read again> 
                   \relax 
l.1091 ...adjust pre{\hypertarget{ref-xie:2021a}{}
                                                  }%
Overfull \hbox (16.87538pt too wide) in paragraph at lines 1091--1094
 [][] [] 
 []

pdfTeX warning (ext4): destination with the same identifier (name{ref-zhu:2021}) has been already used, duplicate ignored
<to be read again> 
                   \relax 
l.1095 ...vadjust pre{\hypertarget{ref-zhu:2021}{}
                                                  }%
Overfull \hbox (16.87538pt too wide) in paragraph at lines 1095--1098
 [][] [] 
 []

pdfTeX warning (ext4): destination with the same identifier (name{ref-wickham:2019}) has been already used, duplicate ignored
<to be read again> 
                   \relax 
l.1099 ...ust pre{\hypertarget{ref-wickham:2019}{}
                                                  }%
Overfull \hbox (16.87538pt too wide) in paragraph at lines 1099--1102
 [][] [] 
 []


Package fancyhdr Warning: \headheight is too small (12.0pt): 
(fancyhdr)                Make it at least 13.59999pt, for example:
(fancyhdr)                \setlength{\headheight}{13.59999pt}.
(fancyhdr)                You might also make \topmargin smaller to compensate:
(fancyhdr)                \addtolength{\topmargin}{-1.59999pt}.

[27]
Appendix A.

Package fancyhdr Warning: \headheight is too small (12.0pt): 
(fancyhdr)                Make it at least 13.59999pt, for example:
(fancyhdr)                \setlength{\headheight}{13.59999pt}.
(fancyhdr)                You might also make \topmargin smaller to compensate:
(fancyhdr)                \addtolength{\topmargin}{-1.59999pt}.

[28


]
Appendix B.

Package caption Warning: Unused \captionsetup[table] on input line 51.
See the caption package documentation for explanation.


Package caption Warning: Unused \captionsetup[figure] on input line 52.
See the caption package documentation for explanation.


Package fancyhdr Warning: \headheight is too small (12.0pt): 
(fancyhdr)                Make it at least 13.59999pt, for example:
(fancyhdr)                \setlength{\headheight}{13.59999pt}.
(fancyhdr)                You might also make \topmargin smaller to compensate:
(fancyhdr)                \addtolength{\topmargin}{-1.59999pt}.

[29


] (./thesis.aux)
Package rerunfilecheck Info: File `thesis.out' has not changed.
(rerunfilecheck)             Checksum: 4F8A903BA8BDEB6601C6A641343FFE76;3801.
 ) 
Here is how much of TeX's memory you used:
 16123 strings out of 480246
 260613 string characters out of 5894287
 579430 words of memory out of 5000000
 33638 multiletter control sequences out of 15000+600000
 486925 words of font info for 65 fonts, out of 8000000 for 9000
 14 hyphenation exceptions out of 8191
 84i,12n,93p,1299b,514s stack positions out of 5000i,500n,10000p,200000b,80000s
pdfTeX warning (dest): name{ref-kryczek2007} has been referenced but does not exist, replaced by a fixed one

 <c:/Users/aimundo/AppData/Roaming/TinyTeX/texmf-var/fonts/pk/ljfour/jknappen/ec/tcti1095.600pk> <c:/Users/aimundo/AppData/Roaming/TinyTeX/texmf-var/fonts/pk/ljfour/jknappen/ec/ecbx0800.600pk> <c:/Users/aimundo/AppData/Roaming/TinyTeX/texmf-var/fonts/pk/ljfour/jknappen/ec/ecti1095.600pk> <c:/Users/aimundo/AppData/Roaming/TinyTeX/texmf-var/fonts/pk/ljfour/jknappen/ec/ecbx1200.600pk> <c:/Users/aimundo/AppData/Roaming/TinyTeX/texmf-var/fonts/pk/ljfour/jknappen/ec/ecrm0800.600pk> <c:/Users/aimundo/AppData/Roaming/TinyTeX/texmf-var/fonts/pk/ljfour/jknappen/ec/ecbx1440.600pk> <c:/Users/aimundo/AppData/Roaming/TinyTeX/texmf-var/fonts/pk/ljfour/jknappen/ec/ecbx1728.600pk> <c:/Users/aimundo/AppData/Roaming/TinyTeX/texmf-var/fonts/pk/ljfour/jknappen/ec/eccc1095.600pk> <c:/Users/aimundo/AppData/Roaming/TinyTeX/texmf-var/fonts/pk/ljfour/jknappen/ec/ectt1095.600pk> <c:/Users/aimundo/AppData/Roaming/TinyTeX/texmf-var/fonts/pk/ljfour/jknappen/ec/ecbx2488.600pk> <c:/Users/aimundo/AppData/Roaming/TinyTeX/texmf-var/fonts/pk/ljfour/jknappen/ec/ecbx1095.600pk> <c:/Users/aimundo/AppData/Roaming/TinyTeX/texmf-var/fonts/pk/ljfour/jknappen/ec/tcrm1095.600pk> <c:/Users/aimundo/AppData/Roaming/TinyTeX/texmf-var/fonts/pk/ljfour/jknappen/ec/eccc1200.600pk> <c:/Users/aimundo/AppData/Roaming/TinyTeX/texmf-var/fonts/pk/ljfour/jknappen/ec/ecrm1440.600pk> <c:/Users/aimundo/AppData/Roaming/TinyTeX/texmf-var/fonts/pk/ljfour/jknappen/ec/ecrm1200.600pk> <c:/Users/aimundo/AppData/Roaming/TinyTeX/texmf-var/fonts/pk/ljfour/jknappen/ec/ecrm1095.600pk> <c:/Users/aimundo/AppData/Roaming/TinyTeX/texmf-var/fonts/pk/ljfour/jknappen/ec/eccc1440.600pk><c:/Users/aimundo/AppData/Roaming/TinyTeX/texmf-dist/fonts/type1/public/amsfonts/cm/cmmi10.pfb><c:/Users/aimundo/AppData/Roaming/TinyTeX/texmf-dist/fonts/type1/public/amsfonts/cm/cmsy10.pfb>
Output written on thesis.pdf (39 pages, 253211 bytes).
PDF statistics:
 1263 PDF objects out of 1440 (max. 8388607)
 729 compressed objects within 8 object streams
 173 named destinations out of 1000 (max. 500000)
 177 words of extra memory for PDF output out of 10000 (max. 10000000)

